New log file opened at Thu Feb 26 22:37:21 PST 2015 by 43958@localhost
Sending msg to client play-fork-run-7a8b2fbb-3a5f-4582-8b97-f052c0db7311: DetachedLogEvent(LogMessage(debug,sbt server socket logs are in: /Users/john.wright/git/flash-web/.sbtserver/connections/master.log))
Sending msg to client play-fork-run-7a8b2fbb-3a5f-4582-8b97-f052c0db7311: DetachedLogEvent(LogMessage(debug,sbt client logs are in: /Users/john.wright/git/flash-web/.sbtserver/connections/play-fork-run-7a8b2fbb-3a5f-4582-8b97-f052c0db7311.log))
Sending msg to client play-fork-run-7a8b2fbb-3a5f-4582-8b97-f052c0db7311: DetachedLogEvent(LogMessage(debug,sbt general server logs are in: /Users/john.wright/git/flash-web/.sbtserver/master.log))
Reading next message from client.
Got request: DaemonRequest(true)
Reading next message from client.
Sending msg to client play-fork-run-7a8b2fbb-3a5f-4582-8b97-f052c0db7311: (3,ReceivedResponse())
Got request: ListenToEvents()
Reading next message from client.
Sending msg to client play-fork-run-7a8b2fbb-3a5f-4582-8b97-f052c0db7311: BackgroundJobStarted(17,BackgroundJobInfo(3,backgroundRun,AttributeKey[sbt.BackgroundJobHandle]("backgroundRun") in Scope(Build: file:/Users/john.wright/git/flash-web/, , Project: ProjectReference(file:/Users/john.wright/git/flash-web/,root), Config: compile)))
Sending msg to client play-fork-run-7a8b2fbb-3a5f-4582-8b97-f052c0db7311: (4,ReceivedResponse())
Got request: KeyLookupRequest(root/playForkConfig)
Reading next message from client.
Sending msg to client play-fork-run-7a8b2fbb-3a5f-4582-8b97-f052c0db7311: (5,KeyLookupResponse(root/playForkConfig,Vector(AttributeKey[play.forkrun.protocol.ForkConfig]("playForkConfig") in Scope(Build: file:/Users/john.wright/git/flash-web/, , Project: ProjectReference(file:/Users/john.wright/git/flash-web/,root)))))
Got request: ListenToValue(AttributeKey[play.forkrun.protocol.ForkConfig]("playForkConfig") in Scope(Build: file:/Users/john.wright/git/flash-web/, , Project: ProjectReference(file:/Users/john.wright/git/flash-web/,root)))
Reading next message from client.
Sending msg to client play-fork-run-7a8b2fbb-3a5f-4582-8b97-f052c0db7311: (6,ReceivedResponse())
Got request: KeyExecutionRequest(AttributeKey[play.forkrun.protocol.ForkConfig]("playForkConfig") in Scope(Build: file:/Users/john.wright/git/flash-web/, , Project: ProjectReference(file:/Users/john.wright/git/flash-web/,root)))
Reading next message from client.
Sending msg to client play-fork-run-7a8b2fbb-3a5f-4582-8b97-f052c0db7311: (7,ExecutionRequestReceived(18))
Sending msg to client play-fork-run-7a8b2fbb-3a5f-4582-8b97-f052c0db7311: ExecutionWaiting(18,{file:/Users/john.wright/git/flash-web/}root/*:playForkConfig,ClientInfo(7a8b2fbb-3a5f-4582-8b97-f052c0db7311,play-fork-run,Play Fork Run,1,Vector()))
Sending msg to client play-fork-run-7a8b2fbb-3a5f-4582-8b97-f052c0db7311: ExecutionStarting(18)
Sending msg to client play-fork-run-7a8b2fbb-3a5f-4582-8b97-f052c0db7311: DetachedLogEvent(LogMessage(debug,> {file:/Users/john.wright/git/flash-web/}root/*:playForkConfig))
Sending msg to client play-fork-run-7a8b2fbb-3a5f-4582-8b97-f052c0db7311: DetachedLogEvent(LogMessage(debug,Evaluating tasks: *:playForkConfig))
Sending msg to client play-fork-run-7a8b2fbb-3a5f-4582-8b97-f052c0db7311: DetachedLogEvent(LogMessage(debug,Running task... Cancel: sbt.server.ServerTaskCancellation@235109dd, check cycles: false))
Sending msg to client play-fork-run-7a8b2fbb-3a5f-4582-8b97-f052c0db7311: DetachedLogEvent(LogMessage(debug,cancel strategy start enabled=true lastCommand=Some(LastCommand(CommandExecutionWork(ExecutionId(18),{file:/Users/john.wright/git/flash-web/}root/*:playForkConfig,Set(LiveClient(play-fork-run 7a8b2fbb-3a5f-4582-8b97-f052c0db7311)),sbt.server.WorkCancellationStatus$$anon$1@4a8fd10f)))))
Sending msg to client play-fork-run-7a8b2fbb-3a5f-4582-8b97-f052c0db7311: TaskStarted(18,1358,Some(AttributeKey[scala.collection.Seq[java.lang.String]]("javaOptions") in Scope(Global)))
Sending msg to client play-fork-run-7a8b2fbb-3a5f-4582-8b97-f052c0db7311: TaskStarted(18,1362,None)
Sending msg to client play-fork-run-7a8b2fbb-3a5f-4582-8b97-f052c0db7311: TaskStarted(18,1363,Some(AttributeKey[boolean]("skip") in Scope(Global)))
Sending msg to client play-fork-run-7a8b2fbb-3a5f-4582-8b97-f052c0db7311: TaskStarted(18,1364,Some(AttributeKey[java.lang.String]("updateCacheName") in Scope(Build: file:/Users/john.wright/git/flash-web/, , Project: ProjectReference(file:/Users/john.wright/git/flash-web/,root))))
Sending msg to client play-fork-run-7a8b2fbb-3a5f-4582-8b97-f052c0db7311: TaskStarted(18,1365,None)
Sending msg to client play-fork-run-7a8b2fbb-3a5f-4582-8b97-f052c0db7311: TaskStarted(18,1368,None)
Sending msg to client play-fork-run-7a8b2fbb-3a5f-4582-8b97-f052c0db7311: TaskStarted(18,1369,None)
Sending msg to client play-fork-run-7a8b2fbb-3a5f-4582-8b97-f052c0db7311: TaskStarted(18,1371,None)
Sending msg to client play-fork-run-7a8b2fbb-3a5f-4582-8b97-f052c0db7311: TaskStarted(18,1388,Some(AttributeKey[scala.collection.Seq[sbt.Resolver]]("externalResolvers") in Scope(Build: file:/Users/john.wright/git/flash-web/, , Project: ProjectReference(file:/Users/john.wright/git/flash-web/,root))))
Sending msg to client play-fork-run-7a8b2fbb-3a5f-4582-8b97-f052c0db7311: TaskStarted(18,1389,Some(AttributeKey[scala.Option[scala.collection.Seq[sbt.Resolver]]]("bootResolvers") in Scope(Build: file:/Users/john.wright/git/flash-web/, , Project: ProjectReference(file:/Users/john.wright/git/flash-web/,root))))
Sending msg to client play-fork-run-7a8b2fbb-3a5f-4582-8b97-f052c0db7311: TaskStarted(18,1391,Some(AttributeKey[scala.collection.Seq[sbt.Credentials]]("credentials") in Scope(Global)))
Sending msg to client play-fork-run-7a8b2fbb-3a5f-4582-8b97-f052c0db7311: TaskStarted(18,1393,None)
Sending msg to client play-fork-run-7a8b2fbb-3a5f-4582-8b97-f052c0db7311: TaskStarted(18,1401,None)
Sending msg to client play-fork-run-7a8b2fbb-3a5f-4582-8b97-f052c0db7311: TaskStarted(18,1410,Some(AttributeKey[scala.Tuple2[java.lang.String,java.io.File]]("playPrefixAndAssets") in Scope(Build: file:/Users/john.wright/git/flash-web/, , Project: ProjectReference(file:/Users/john.wright/git/flash-web/,root))))
Sending msg to client play-fork-run-7a8b2fbb-3a5f-4582-8b97-f052c0db7311: TaskFinished(18,1358,Some(AttributeKey[scala.collection.Seq[java.lang.String]]("javaOptions") in Scope(Global)),true,None)
Sending msg to client play-fork-run-7a8b2fbb-3a5f-4582-8b97-f052c0db7311: TaskFinished(18,1362,None,true,None)
Sending msg to client play-fork-run-7a8b2fbb-3a5f-4582-8b97-f052c0db7311: TaskStarted(18,1366,Some(AttributeKey[java.io.File]("dependencyCacheDirectory") in Scope(Build: file:/Users/john.wright/git/flash-web/, , Project: ProjectReference(file:/Users/john.wright/git/flash-web/,root))))
Sending msg to client play-fork-run-7a8b2fbb-3a5f-4582-8b97-f052c0db7311: TaskStarted(18,1380,Some(AttributeKey[sbt.BuildStructure]("buildStructure") in Scope(Global)))
Sending msg to client play-fork-run-7a8b2fbb-3a5f-4582-8b97-f052c0db7311: TaskStarted(18,1411,Some(AttributeKey[scala.collection.Seq[java.lang.String]]("playMonitoredFiles") in Scope(Build: file:/Users/john.wright/git/flash-web/, , Project: ProjectReference(file:/Users/john.wright/git/flash-web/,root))))
Sending msg to client play-fork-run-7a8b2fbb-3a5f-4582-8b97-f052c0db7311: TaskFinished(18,1363,Some(AttributeKey[boolean]("skip") in Scope(Global)),true,None)
Sending msg to client play-fork-run-7a8b2fbb-3a5f-4582-8b97-f052c0db7311: TaskFinished(18,1364,Some(AttributeKey[java.lang.String]("updateCacheName") in Scope(Build: file:/Users/john.wright/git/flash-web/, , Project: ProjectReference(file:/Users/john.wright/git/flash-web/,root))),true,None)
Sending msg to client play-fork-run-7a8b2fbb-3a5f-4582-8b97-f052c0db7311: TaskFinished(18,1365,None,true,None)
Sending msg to client play-fork-run-7a8b2fbb-3a5f-4582-8b97-f052c0db7311: TaskFinished(18,1368,None,true,None)
Sending msg to client play-fork-run-7a8b2fbb-3a5f-4582-8b97-f052c0db7311: TaskFinished(18,1369,None,true,None)
Sending msg to client play-fork-run-7a8b2fbb-3a5f-4582-8b97-f052c0db7311: TaskStarted(18,1367,Some(AttributeKey[scala.collection.Seq[sbt.UpdateReport]]("transitiveUpdate") in Scope(Build: file:/Users/john.wright/git/flash-web/, , Project: ProjectReference(file:/Users/john.wright/git/flash-web/,root))))
Sending msg to client play-fork-run-7a8b2fbb-3a5f-4582-8b97-f052c0db7311: TaskFinished(18,1371,None,true,None)
Sending msg to client play-fork-run-7a8b2fbb-3a5f-4582-8b97-f052c0db7311: TaskStarted(18,1370,None)
Sending msg to client play-fork-run-7a8b2fbb-3a5f-4582-8b97-f052c0db7311: TaskStarted(18,1374,None)
Sending msg to client play-fork-run-7a8b2fbb-3a5f-4582-8b97-f052c0db7311: TaskStarted(18,1382,None)
Sending msg to client play-fork-run-7a8b2fbb-3a5f-4582-8b97-f052c0db7311: TaskStarted(18,1387,None)
Sending msg to client play-fork-run-7a8b2fbb-3a5f-4582-8b97-f052c0db7311: TaskStarted(18,1390,None)
Sending msg to client play-fork-run-7a8b2fbb-3a5f-4582-8b97-f052c0db7311: TaskStarted(18,1402,None)
Sending msg to client play-fork-run-7a8b2fbb-3a5f-4582-8b97-f052c0db7311: TaskStarted(18,1404,None)
Sending msg to client play-fork-run-7a8b2fbb-3a5f-4582-8b97-f052c0db7311: TaskStarted(18,1406,None)
Sending msg to client play-fork-run-7a8b2fbb-3a5f-4582-8b97-f052c0db7311: TaskFinished(18,1388,Some(AttributeKey[scala.collection.Seq[sbt.Resolver]]("externalResolvers") in Scope(Build: file:/Users/john.wright/git/flash-web/, , Project: ProjectReference(file:/Users/john.wright/git/flash-web/,root))),true,None)
Sending msg to client play-fork-run-7a8b2fbb-3a5f-4582-8b97-f052c0db7311: TaskFinished(18,1393,None,true,None)
Sending msg to client play-fork-run-7a8b2fbb-3a5f-4582-8b97-f052c0db7311: TaskFinished(18,1391,Some(AttributeKey[scala.collection.Seq[sbt.Credentials]]("credentials") in Scope(Global)),true,None)
Sending msg to client play-fork-run-7a8b2fbb-3a5f-4582-8b97-f052c0db7311: TaskFinished(18,1389,Some(AttributeKey[scala.Option[scala.collection.Seq[sbt.Resolver]]]("bootResolvers") in Scope(Build: file:/Users/john.wright/git/flash-web/, , Project: ProjectReference(file:/Users/john.wright/git/flash-web/,root))),true,None)
Sending msg to client play-fork-run-7a8b2fbb-3a5f-4582-8b97-f052c0db7311: TaskFinished(18,1401,None,true,None)
Sending msg to client play-fork-run-7a8b2fbb-3a5f-4582-8b97-f052c0db7311: TaskFinished(18,1410,Some(AttributeKey[scala.Tuple2[java.lang.String,java.io.File]]("playPrefixAndAssets") in Scope(Build: file:/Users/john.wright/git/flash-web/, , Project: ProjectReference(file:/Users/john.wright/git/flash-web/,root))),true,None)
Sending msg to client play-fork-run-7a8b2fbb-3a5f-4582-8b97-f052c0db7311: TaskStarted(18,1409,None)
Sending msg to client play-fork-run-7a8b2fbb-3a5f-4582-8b97-f052c0db7311: TaskFinished(18,1380,Some(AttributeKey[sbt.BuildStructure]("buildStructure") in Scope(Global)),true,None)
Sending msg to client play-fork-run-7a8b2fbb-3a5f-4582-8b97-f052c0db7311: TaskStarted(18,1379,Some(AttributeKey[sbt.Settings[sbt.Scope]]("settingsData") in Scope(Global)))
Sending msg to client play-fork-run-7a8b2fbb-3a5f-4582-8b97-f052c0db7311: TaskFinished(18,1366,Some(AttributeKey[java.io.File]("dependencyCacheDirectory") in Scope(Build: file:/Users/john.wright/git/flash-web/, , Project: ProjectReference(file:/Users/john.wright/git/flash-web/,root))),true,None)
Sending msg to client play-fork-run-7a8b2fbb-3a5f-4582-8b97-f052c0db7311: TaskFinished(18,1411,Some(AttributeKey[scala.collection.Seq[java.lang.String]]("playMonitoredFiles") in Scope(Build: file:/Users/john.wright/git/flash-web/, , Project: ProjectReference(file:/Users/john.wright/git/flash-web/,root))),true,None)
Sending msg to client play-fork-run-7a8b2fbb-3a5f-4582-8b97-f052c0db7311: TaskFinished(18,1367,Some(AttributeKey[scala.collection.Seq[sbt.UpdateReport]]("transitiveUpdate") in Scope(Build: file:/Users/john.wright/git/flash-web/, , Project: ProjectReference(file:/Users/john.wright/git/flash-web/,root))),true,None)
Sending msg to client play-fork-run-7a8b2fbb-3a5f-4582-8b97-f052c0db7311: TaskFinished(18,1370,None,true,None)
Sending msg to client play-fork-run-7a8b2fbb-3a5f-4582-8b97-f052c0db7311: TaskFinished(18,1374,None,true,None)
Sending msg to client play-fork-run-7a8b2fbb-3a5f-4582-8b97-f052c0db7311: TaskStarted(18,1373,Some(AttributeKey[scala.collection.immutable.Map[sbt.ModuleID,sbt.SourcePosition]]("dependencyPositions") in Scope(Build: file:/Users/john.wright/git/flash-web/, , Project: ProjectReference(file:/Users/john.wright/git/flash-web/,root))))
Sending msg to client play-fork-run-7a8b2fbb-3a5f-4582-8b97-f052c0db7311: TaskFinished(18,1382,None,true,None)
Sending msg to client play-fork-run-7a8b2fbb-3a5f-4582-8b97-f052c0db7311: TaskFinished(18,1390,None,true,None)
Sending msg to client play-fork-run-7a8b2fbb-3a5f-4582-8b97-f052c0db7311: TaskFinished(18,1402,None,true,None)
Sending msg to client play-fork-run-7a8b2fbb-3a5f-4582-8b97-f052c0db7311: TaskFinished(18,1404,None,true,None)
Sending msg to client play-fork-run-7a8b2fbb-3a5f-4582-8b97-f052c0db7311: TaskFinished(18,1406,None,true,None)
Sending msg to client play-fork-run-7a8b2fbb-3a5f-4582-8b97-f052c0db7311: TaskFinished(18,1387,None,true,None)
Sending msg to client play-fork-run-7a8b2fbb-3a5f-4582-8b97-f052c0db7311: TaskFinished(18,1409,None,true,None)
Sending msg to client play-fork-run-7a8b2fbb-3a5f-4582-8b97-f052c0db7311: TaskStarted(18,1408,None)
Sending msg to client play-fork-run-7a8b2fbb-3a5f-4582-8b97-f052c0db7311: TaskFinished(18,1379,Some(AttributeKey[sbt.Settings[sbt.Scope]]("settingsData") in Scope(Global)),true,None)
Sending msg to client play-fork-run-7a8b2fbb-3a5f-4582-8b97-f052c0db7311: TaskStarted(18,1378,Some(AttributeKey[scala.collection.Seq[sbt.ModuleID]]("projectDependencies") in Scope(Build: file:/Users/john.wright/git/flash-web/, , Project: ProjectReference(file:/Users/john.wright/git/flash-web/,root))))
Sending msg to client play-fork-run-7a8b2fbb-3a5f-4582-8b97-f052c0db7311: TaskStarted(18,1386,Some(AttributeKey[scala.collection.immutable.Map[org.apache.ivy.core.module.id.ModuleRevisionId,org.apache.ivy.core.module.descriptor.ModuleDescriptor]]("projectDescriptors") in Scope(Build: file:/Users/john.wright/git/flash-web/, , Project: ProjectReference(file:/Users/john.wright/git/flash-web/,root))))
Sending msg to client play-fork-run-7a8b2fbb-3a5f-4582-8b97-f052c0db7311: TaskStarted(18,1392,None)
Sending msg to client play-fork-run-7a8b2fbb-3a5f-4582-8b97-f052c0db7311: TaskStarted(18,1405,None)
Sending msg to client play-fork-run-7a8b2fbb-3a5f-4582-8b97-f052c0db7311: TaskFinished(18,1408,None,true,None)
Sending msg to client play-fork-run-7a8b2fbb-3a5f-4582-8b97-f052c0db7311: TaskStarted(18,1407,Some(AttributeKey[scala.collection.Seq[scala.Tuple2[java.lang.String,java.io.File]]]("playAllAssets") in Scope(Build: file:/Users/john.wright/git/flash-web/, , Project: ProjectReference(file:/Users/john.wright/git/flash-web/,root))))
Sending msg to client play-fork-run-7a8b2fbb-3a5f-4582-8b97-f052c0db7311: TaskStarted(18,1413,None)
Sending msg to client play-fork-run-7a8b2fbb-3a5f-4582-8b97-f052c0db7311: TaskStarted(18,1414,None)
Sending msg to client play-fork-run-7a8b2fbb-3a5f-4582-8b97-f052c0db7311: TaskFinished(18,1378,Some(AttributeKey[scala.collection.Seq[sbt.ModuleID]]("projectDependencies") in Scope(Build: file:/Users/john.wright/git/flash-web/, , Project: ProjectReference(file:/Users/john.wright/git/flash-web/,root))),true,None)
Sending msg to client play-fork-run-7a8b2fbb-3a5f-4582-8b97-f052c0db7311: TaskStarted(18,1377,Some(AttributeKey[scala.collection.Seq[sbt.ModuleID]]("allDependencies") in Scope(Build: file:/Users/john.wright/git/flash-web/, , Project: ProjectReference(file:/Users/john.wright/git/flash-web/,root))))
Sending msg to client play-fork-run-7a8b2fbb-3a5f-4582-8b97-f052c0db7311: TaskStarted(18,1418,None)
Sending msg to client play-fork-run-7a8b2fbb-3a5f-4582-8b97-f052c0db7311: TaskStarted(18,1419,None)
Sending msg to client play-fork-run-7a8b2fbb-3a5f-4582-8b97-f052c0db7311: TaskStarted(18,1422,None)
Sending msg to client play-fork-run-7a8b2fbb-3a5f-4582-8b97-f052c0db7311: TaskStarted(18,1423,None)
Sending msg to client play-fork-run-7a8b2fbb-3a5f-4582-8b97-f052c0db7311: TaskStarted(18,1425,None)
Sending msg to client play-fork-run-7a8b2fbb-3a5f-4582-8b97-f052c0db7311: TaskFinished(18,1373,Some(AttributeKey[scala.collection.immutable.Map[sbt.ModuleID,sbt.SourcePosition]]("dependencyPositions") in Scope(Build: file:/Users/john.wright/git/flash-web/, , Project: ProjectReference(file:/Users/john.wright/git/flash-web/,root))),true,None)
Sending msg to client play-fork-run-7a8b2fbb-3a5f-4582-8b97-f052c0db7311: TaskStarted(18,1372,Some(AttributeKey[sbt.UnresolvedWarningConfiguration]("unresolvedWarningConfiguration") in Scope(Build: file:/Users/john.wright/git/flash-web/, , Project: ProjectReference(file:/Users/john.wright/git/flash-web/,root), Task: AttributeKey[sbt.UpdateReport]("update"))))
Sending msg to client play-fork-run-7a8b2fbb-3a5f-4582-8b97-f052c0db7311: TaskFinished(18,1413,None,true,None)
Sending msg to client play-fork-run-7a8b2fbb-3a5f-4582-8b97-f052c0db7311: TaskStarted(18,1412,None)
Sending msg to client play-fork-run-7a8b2fbb-3a5f-4582-8b97-f052c0db7311: TaskFinished(18,1407,Some(AttributeKey[scala.collection.Seq[scala.Tuple2[java.lang.String,java.io.File]]]("playAllAssets") in Scope(Build: file:/Users/john.wright/git/flash-web/, , Project: ProjectReference(file:/Users/john.wright/git/flash-web/,root))),true,None)
Sending msg to client play-fork-run-7a8b2fbb-3a5f-4582-8b97-f052c0db7311: TaskFinished(18,1414,None,true,None)
Sending msg to client play-fork-run-7a8b2fbb-3a5f-4582-8b97-f052c0db7311: TaskFinished(18,1392,None,true,None)
Sending msg to client play-fork-run-7a8b2fbb-3a5f-4582-8b97-f052c0db7311: TaskFinished(18,1377,Some(AttributeKey[scala.collection.Seq[sbt.ModuleID]]("allDependencies") in Scope(Build: file:/Users/john.wright/git/flash-web/, , Project: ProjectReference(file:/Users/john.wright/git/flash-web/,root))),true,None)
Sending msg to client play-fork-run-7a8b2fbb-3a5f-4582-8b97-f052c0db7311: TaskStarted(18,1376,Some(AttributeKey[sbt.ModuleSettings]("moduleSettings") in Scope(Build: file:/Users/john.wright/git/flash-web/, , Project: ProjectReference(file:/Users/john.wright/git/flash-web/,root))))
Sending msg to client play-fork-run-7a8b2fbb-3a5f-4582-8b97-f052c0db7311: TaskFinished(18,1418,None,true,None)
Sending msg to client play-fork-run-7a8b2fbb-3a5f-4582-8b97-f052c0db7311: TaskFinished(18,1419,None,true,None)
Sending msg to client play-fork-run-7a8b2fbb-3a5f-4582-8b97-f052c0db7311: TaskStarted(18,1417,Some(AttributeKey[scala.collection.Seq[sbt.Attributed[java.io.File]]]("unmanagedJars") in Scope(Build: file:/Users/john.wright/git/flash-web/, , Project: ProjectReference(file:/Users/john.wright/git/flash-web/,root), Config: runtime)))
Sending msg to client play-fork-run-7a8b2fbb-3a5f-4582-8b97-f052c0db7311: TaskFinished(18,1422,None,true,None)
Sending msg to client play-fork-run-7a8b2fbb-3a5f-4582-8b97-f052c0db7311: TaskFinished(18,1425,None,true,None)
Sending msg to client play-fork-run-7a8b2fbb-3a5f-4582-8b97-f052c0db7311: TaskStarted(18,1424,None)
Sending msg to client play-fork-run-7a8b2fbb-3a5f-4582-8b97-f052c0db7311: TaskFinished(18,1423,None,true,None)
Sending msg to client play-fork-run-7a8b2fbb-3a5f-4582-8b97-f052c0db7311: TaskStarted(18,1421,Some(AttributeKey[scala.collection.Seq[sbt.Attributed[java.io.File]]]("unmanagedJars") in Scope(Build: file:/Users/john.wright/git/flash-web/, , Project: ProjectReference(file:/Users/john.wright/git/flash-web/,root), Config: compile)))
Sending msg to client play-fork-run-7a8b2fbb-3a5f-4582-8b97-f052c0db7311: TaskFinished(18,1372,Some(AttributeKey[sbt.UnresolvedWarningConfiguration]("unresolvedWarningConfiguration") in Scope(Build: file:/Users/john.wright/git/flash-web/, , Project: ProjectReference(file:/Users/john.wright/git/flash-web/,root), Task: AttributeKey[sbt.UpdateReport]("update"))),true,None)
Sending msg to client play-fork-run-7a8b2fbb-3a5f-4582-8b97-f052c0db7311: TaskFinished(18,1412,None,true,None)
Sending msg to client play-fork-run-7a8b2fbb-3a5f-4582-8b97-f052c0db7311: TaskFinished(18,1386,Some(AttributeKey[scala.collection.immutable.Map[org.apache.ivy.core.module.id.ModuleRevisionId,org.apache.ivy.core.module.descriptor.ModuleDescriptor]]("projectDescriptors") in Scope(Build: file:/Users/john.wright/git/flash-web/, , Project: ProjectReference(file:/Users/john.wright/git/flash-web/,root))),true,None)
Sending msg to client play-fork-run-7a8b2fbb-3a5f-4582-8b97-f052c0db7311: TaskStarted(18,1385,Some(AttributeKey[sbt.Resolver]("projectResolver") in Scope(Build: file:/Users/john.wright/git/flash-web/, , Project: ProjectReference(file:/Users/john.wright/git/flash-web/,root))))
Sending msg to client play-fork-run-7a8b2fbb-3a5f-4582-8b97-f052c0db7311: TaskFinished(18,1376,Some(AttributeKey[sbt.ModuleSettings]("moduleSettings") in Scope(Build: file:/Users/john.wright/git/flash-web/, , Project: ProjectReference(file:/Users/john.wright/git/flash-web/,root))),true,None)
Sending msg to client play-fork-run-7a8b2fbb-3a5f-4582-8b97-f052c0db7311: TaskStarted(18,1426,None)
Sending msg to client play-fork-run-7a8b2fbb-3a5f-4582-8b97-f052c0db7311: TaskFinished(18,1417,Some(AttributeKey[scala.collection.Seq[sbt.Attributed[java.io.File]]]("unmanagedJars") in Scope(Build: file:/Users/john.wright/git/flash-web/, , Project: ProjectReference(file:/Users/john.wright/git/flash-web/,root), Config: runtime)),true,None)
Sending msg to client play-fork-run-7a8b2fbb-3a5f-4582-8b97-f052c0db7311: TaskFinished(18,1421,Some(AttributeKey[scala.collection.Seq[sbt.Attributed[java.io.File]]]("unmanagedJars") in Scope(Build: file:/Users/john.wright/git/flash-web/, , Project: ProjectReference(file:/Users/john.wright/git/flash-web/,root), Config: compile)),true,None)
Sending msg to client play-fork-run-7a8b2fbb-3a5f-4582-8b97-f052c0db7311: TaskFinished(18,1385,Some(AttributeKey[sbt.Resolver]("projectResolver") in Scope(Build: file:/Users/john.wright/git/flash-web/, , Project: ProjectReference(file:/Users/john.wright/git/flash-web/,root))),true,None)
Sending msg to client play-fork-run-7a8b2fbb-3a5f-4582-8b97-f052c0db7311: TaskStarted(18,1384,Some(AttributeKey[scala.collection.Seq[sbt.Resolver]]("fullResolvers") in Scope(Build: file:/Users/john.wright/git/flash-web/, , Project: ProjectReference(file:/Users/john.wright/git/flash-web/,root))))
Sending msg to client play-fork-run-7a8b2fbb-3a5f-4582-8b97-f052c0db7311: TaskFinished(18,1426,None,true,None)
Sending msg to client play-fork-run-7a8b2fbb-3a5f-4582-8b97-f052c0db7311: TaskFinished(18,1424,None,true,None)
Sending msg to client play-fork-run-7a8b2fbb-3a5f-4582-8b97-f052c0db7311: TaskStarted(18,1420,Some(AttributeKey[scala.collection.Seq[sbt.Attributed[java.io.File]]]("unmanagedJars") in Scope(Build: file:/Users/john.wright/git/flash-web/, , Project: ProjectReference(file:/Users/john.wright/git/flash-web/,root), Config: compile)))
Sending msg to client play-fork-run-7a8b2fbb-3a5f-4582-8b97-f052c0db7311: TaskFinished(18,1384,Some(AttributeKey[scala.collection.Seq[sbt.Resolver]]("fullResolvers") in Scope(Build: file:/Users/john.wright/git/flash-web/, , Project: ProjectReference(file:/Users/john.wright/git/flash-web/,root))),true,None)
Sending msg to client play-fork-run-7a8b2fbb-3a5f-4582-8b97-f052c0db7311: TaskStarted(18,1383,Some(AttributeKey[sbt.IvyConfiguration]("ivyConfiguration") in Scope(Build: file:/Users/john.wright/git/flash-web/, , Project: ProjectReference(file:/Users/john.wright/git/flash-web/,root))))
Sending msg to client play-fork-run-7a8b2fbb-3a5f-4582-8b97-f052c0db7311: TaskFinished(18,1420,Some(AttributeKey[scala.collection.Seq[sbt.Attributed[java.io.File]]]("unmanagedJars") in Scope(Build: file:/Users/john.wright/git/flash-web/, , Project: ProjectReference(file:/Users/john.wright/git/flash-web/,root), Config: compile)),true,None)
Sending msg to client play-fork-run-7a8b2fbb-3a5f-4582-8b97-f052c0db7311: TaskStarted(18,1416,None)
Sending msg to client play-fork-run-7a8b2fbb-3a5f-4582-8b97-f052c0db7311: TaskFinished(18,1383,Some(AttributeKey[sbt.IvyConfiguration]("ivyConfiguration") in Scope(Build: file:/Users/john.wright/git/flash-web/, , Project: ProjectReference(file:/Users/john.wright/git/flash-web/,root))),true,None)
Sending msg to client play-fork-run-7a8b2fbb-3a5f-4582-8b97-f052c0db7311: TaskStarted(18,1381,Some(AttributeKey[sbt.IvySbt]("ivySbt") in Scope(Build: file:/Users/john.wright/git/flash-web/, , Project: ProjectReference(file:/Users/john.wright/git/flash-web/,root))))
Sending msg to client play-fork-run-7a8b2fbb-3a5f-4582-8b97-f052c0db7311: TaskFinished(18,1416,None,true,None)
Sending msg to client play-fork-run-7a8b2fbb-3a5f-4582-8b97-f052c0db7311: TaskStarted(18,1415,None)
Sending msg to client play-fork-run-7a8b2fbb-3a5f-4582-8b97-f052c0db7311: TaskFinished(18,1415,None,true,None)
Sending msg to client play-fork-run-7a8b2fbb-3a5f-4582-8b97-f052c0db7311: TaskFinished(18,1405,None,true,None)
Sending msg to client play-fork-run-7a8b2fbb-3a5f-4582-8b97-f052c0db7311: TaskStarted(18,1403,Some(AttributeKey[scala.collection.Seq[sbt.Attributed[java.io.File]]]("unmanagedClasspath") in Scope(Build: file:/Users/john.wright/git/flash-web/, , Project: ProjectReference(file:/Users/john.wright/git/flash-web/,root), Config: runtime)))
Sending msg to client play-fork-run-7a8b2fbb-3a5f-4582-8b97-f052c0db7311: TaskFinished(18,1381,Some(AttributeKey[sbt.IvySbt]("ivySbt") in Scope(Build: file:/Users/john.wright/git/flash-web/, , Project: ProjectReference(file:/Users/john.wright/git/flash-web/,root))),true,None)
Sending msg to client play-fork-run-7a8b2fbb-3a5f-4582-8b97-f052c0db7311: TaskStarted(18,1375,Some(AttributeKey[sbt.IvySbt$Module]("ivyModule") in Scope(Build: file:/Users/john.wright/git/flash-web/, , Project: ProjectReference(file:/Users/john.wright/git/flash-web/,root))))
Sending msg to client play-fork-run-7a8b2fbb-3a5f-4582-8b97-f052c0db7311: TaskFinished(18,1375,Some(AttributeKey[sbt.IvySbt$Module]("ivyModule") in Scope(Build: file:/Users/john.wright/git/flash-web/, , Project: ProjectReference(file:/Users/john.wright/git/flash-web/,root))),true,None)
Sending msg to client play-fork-run-7a8b2fbb-3a5f-4582-8b97-f052c0db7311: TaskStarted(18,1361,Some(AttributeKey[sbt.UpdateReport]("update") in Scope(Build: file:/Users/john.wright/git/flash-web/, , Project: ProjectReference(file:/Users/john.wright/git/flash-web/,root))))
Sending msg to client play-fork-run-7a8b2fbb-3a5f-4582-8b97-f052c0db7311: TaskFinished(18,1403,Some(AttributeKey[scala.collection.Seq[sbt.Attributed[java.io.File]]]("unmanagedClasspath") in Scope(Build: file:/Users/john.wright/git/flash-web/, , Project: ProjectReference(file:/Users/john.wright/git/flash-web/,root), Config: runtime)),true,None)
Sending msg to client play-fork-run-7a8b2fbb-3a5f-4582-8b97-f052c0db7311: TaskFinished(18,1361,Some(AttributeKey[sbt.UpdateReport]("update") in Scope(Build: file:/Users/john.wright/git/flash-web/, , Project: ProjectReference(file:/Users/john.wright/git/flash-web/,root))),true,None)
Sending msg to client play-fork-run-7a8b2fbb-3a5f-4582-8b97-f052c0db7311: TaskStarted(18,1360,Some(AttributeKey[sbt.UpdateReport]("update") in Scope(Build: file:/Users/john.wright/git/flash-web/, , Project: ProjectReference(file:/Users/john.wright/git/flash-web/,root))))
Sending msg to client play-fork-run-7a8b2fbb-3a5f-4582-8b97-f052c0db7311: TaskFinished(18,1360,Some(AttributeKey[sbt.UpdateReport]("update") in Scope(Build: file:/Users/john.wright/git/flash-web/, , Project: ProjectReference(file:/Users/john.wright/git/flash-web/,root))),true,None)
Sending msg to client play-fork-run-7a8b2fbb-3a5f-4582-8b97-f052c0db7311: TaskStarted(18,1359,Some(AttributeKey[scala.collection.Seq[sbt.Attributed[java.io.File]]]("managedClasspath") in Scope(Build: file:/Users/john.wright/git/flash-web/, , Project: ProjectReference(file:/Users/john.wright/git/flash-web/,root), Config: docs)))
Sending msg to client play-fork-run-7a8b2fbb-3a5f-4582-8b97-f052c0db7311: TaskStarted(18,1400,Some(AttributeKey[sbt.Configuration]("classpathConfiguration") in Scope(Build: file:/Users/john.wright/git/flash-web/, , Project: ProjectReference(file:/Users/john.wright/git/flash-web/,root), Config: compile)))
Sending msg to client play-fork-run-7a8b2fbb-3a5f-4582-8b97-f052c0db7311: TaskFinished(18,1400,Some(AttributeKey[sbt.Configuration]("classpathConfiguration") in Scope(Build: file:/Users/john.wright/git/flash-web/, , Project: ProjectReference(file:/Users/john.wright/git/flash-web/,root), Config: compile)),true,None)
Sending msg to client play-fork-run-7a8b2fbb-3a5f-4582-8b97-f052c0db7311: TaskStarted(18,1399,None)
Sending msg to client play-fork-run-7a8b2fbb-3a5f-4582-8b97-f052c0db7311: TaskFinished(18,1359,Some(AttributeKey[scala.collection.Seq[sbt.Attributed[java.io.File]]]("managedClasspath") in Scope(Build: file:/Users/john.wright/git/flash-web/, , Project: ProjectReference(file:/Users/john.wright/git/flash-web/,root), Config: docs)),true,None)
Sending msg to client play-fork-run-7a8b2fbb-3a5f-4582-8b97-f052c0db7311: TaskFinished(18,1399,None,true,None)
Sending msg to client play-fork-run-7a8b2fbb-3a5f-4582-8b97-f052c0db7311: TaskStarted(18,1398,Some(AttributeKey[sbt.Configuration]("classpathConfiguration") in Scope(Build: file:/Users/john.wright/git/flash-web/, , Project: ProjectReference(file:/Users/john.wright/git/flash-web/,root), Config: runtime)))
Sending msg to client play-fork-run-7a8b2fbb-3a5f-4582-8b97-f052c0db7311: TaskFinished(18,1398,Some(AttributeKey[sbt.Configuration]("classpathConfiguration") in Scope(Build: file:/Users/john.wright/git/flash-web/, , Project: ProjectReference(file:/Users/john.wright/git/flash-web/,root), Config: runtime)),true,None)
Sending msg to client play-fork-run-7a8b2fbb-3a5f-4582-8b97-f052c0db7311: TaskStarted(18,1397,None)
Sending msg to client play-fork-run-7a8b2fbb-3a5f-4582-8b97-f052c0db7311: TaskFinished(18,1397,None,true,None)
Sending msg to client play-fork-run-7a8b2fbb-3a5f-4582-8b97-f052c0db7311: TaskStarted(18,1396,Some(AttributeKey[scala.collection.Seq[sbt.Attributed[java.io.File]]]("managedClasspath") in Scope(Build: file:/Users/john.wright/git/flash-web/, , Project: ProjectReference(file:/Users/john.wright/git/flash-web/,root), Config: runtime)))
Sending msg to client play-fork-run-7a8b2fbb-3a5f-4582-8b97-f052c0db7311: TaskFinished(18,1396,Some(AttributeKey[scala.collection.Seq[sbt.Attributed[java.io.File]]]("managedClasspath") in Scope(Build: file:/Users/john.wright/git/flash-web/, , Project: ProjectReference(file:/Users/john.wright/git/flash-web/,root), Config: runtime)),true,None)
Sending msg to client play-fork-run-7a8b2fbb-3a5f-4582-8b97-f052c0db7311: TaskStarted(18,1395,None)
Sending msg to client play-fork-run-7a8b2fbb-3a5f-4582-8b97-f052c0db7311: TaskFinished(18,1395,None,true,None)
Sending msg to client play-fork-run-7a8b2fbb-3a5f-4582-8b97-f052c0db7311: TaskStarted(18,1394,Some(AttributeKey[scala.collection.Seq[sbt.Attributed[java.io.File]]]("playDependencyClasspath") in Scope(Build: file:/Users/john.wright/git/flash-web/, , Project: ProjectReference(file:/Users/john.wright/git/flash-web/,root))))
Sending msg to client play-fork-run-7a8b2fbb-3a5f-4582-8b97-f052c0db7311: TaskFinished(18,1394,Some(AttributeKey[scala.collection.Seq[sbt.Attributed[java.io.File]]]("playDependencyClasspath") in Scope(Build: file:/Users/john.wright/git/flash-web/, , Project: ProjectReference(file:/Users/john.wright/git/flash-web/,root))),true,None)
Sending msg to client play-fork-run-7a8b2fbb-3a5f-4582-8b97-f052c0db7311: TaskStarted(18,1357,Some(AttributeKey[play.forkrun.protocol.ForkConfig]("playForkConfig") in Scope(Build: file:/Users/john.wright/git/flash-web/, , Project: ProjectReference(file:/Users/john.wright/git/flash-web/,root))))
Sending msg to client play-fork-run-7a8b2fbb-3a5f-4582-8b97-f052c0db7311: TaskFinished(18,1357,Some(AttributeKey[play.forkrun.protocol.ForkConfig]("playForkConfig") in Scope(Build: file:/Users/john.wright/git/flash-web/, , Project: ProjectReference(file:/Users/john.wright/git/flash-web/,root))),true,None)
Sending msg to client play-fork-run-7a8b2fbb-3a5f-4582-8b97-f052c0db7311: ValueChanged(AttributeKey[play.forkrun.protocol.ForkConfig]("playForkConfig") in Scope(Build: file:/Users/john.wright/git/flash-web/, , Project: ProjectReference(file:/Users/john.wright/git/flash-web/,root)),TaskSuccess(BuildValue(LazyValue(ForkConfig(/Users/john.wright/git/flash-web,List(),List(/Users/john.wright/.ivy2/cache/org.scala-lang/scala-library/jars/scala-library-2.11.1.jar, /Users/john.wright/.ivy2/cache/com.typesafe.play/twirl-api_2.11/jars/twirl-api_2.11-1.0.2.jar, /Users/john.wright/.ivy2/cache/org.apache.commons/commons-lang3/jars/commons-lang3-3.1.jar, /Users/john.wright/.ivy2/cache/org.scala-lang.modules/scala-xml_2.11/bundles/scala-xml_2.11-1.0.1.jar, /Users/john.wright/.ivy2/cache/com.typesafe.play/play_2.11/jars/play_2.11-2.3.8.jar, /Users/john.wright/.ivy2/cache/com.typesafe.play/build-link/jars/build-link-2.3.8.jar, /Users/john.wright/.ivy2/cache/com.typesafe.play/play-exceptions/jars/play-exceptions-2.3.8.jar, /Users/john.wright/.ivy2/cache/org.javassist/javassist/bundles/javassist-3.18.2-GA.jar, /Users/john.wright/.ivy2/cache/com.typesafe.play/play-iteratees_2.11/jars/play-iteratees_2.11-2.3.8.jar, /Users/john.wright/.ivy2/cache/org.scala-stm/scala-stm_2.11/jars/scala-stm_2.11-0.7.jar, /Users/john.wright/.ivy2/cache/com.typesafe/config/bundles/config-1.2.1.jar, /Users/john.wright/.ivy2/cache/com.typesafe.play/play-json_2.11/jars/play-json_2.11-2.3.8.jar, /Users/john.wright/.ivy2/cache/com.typesafe.play/play-functional_2.11/jars/play-functional_2.11-2.3.8.jar, /Users/john.wright/.ivy2/cache/com.typesafe.play/play-datacommons_2.11/jars/play-datacommons_2.11-2.3.8.jar, /Users/john.wright/.ivy2/cache/joda-time/joda-time/jars/joda-time-2.3.jar, /Users/john.wright/.ivy2/cache/org.joda/joda-convert/jars/joda-convert-1.6.jar, /Users/john.wright/.ivy2/cache/com.fasterxml.jackson.core/jackson-annotations/bundles/jackson-annotations-2.3.2.jar, /Users/john.wright/.ivy2/cache/com.fasterxml.jackson.core/jackson-core/bundles/jackson-core-2.3.2.jar, /Users/john.wright/.ivy2/cache/com.fasterxml.jackson.core/jackson-databind/bundles/jackson-databind-2.3.2.jar, /Users/john.wright/.ivy2/cache/org.scala-lang/scala-reflect/jars/scala-reflect-2.11.1.jar, /Users/john.wright/.ivy2/cache/org.scala-lang.modules/scala-parser-combinators_2.11/bundles/scala-parser-combinators_2.11-1.0.1.jar, /Users/john.wright/.ivy2/cache/io.netty/netty/bundles/netty-3.9.3.Final.jar, /Users/john.wright/.ivy2/cache/com.typesafe.netty/netty-http-pipelining/jars/netty-http-pipelining-1.1.2.jar, /Users/john.wright/.ivy2/cache/org.slf4j/slf4j-api/jars/slf4j-api-1.7.6.jar, /Users/john.wright/.ivy2/cache/org.slf4j/jul-to-slf4j/jars/jul-to-slf4j-1.7.6.jar, /Users/john.wright/.ivy2/cache/org.slf4j/jcl-over-slf4j/jars/jcl-over-slf4j-1.7.6.jar, /Users/john.wright/.ivy2/cache/ch.qos.logback/logback-core/jars/logback-core-1.1.1.jar, /Users/john.wright/.ivy2/cache/ch.qos.logback/logback-classic/jars/logback-classic-1.1.1.jar, /Users/john.wright/.ivy2/cache/com.typesafe.akka/akka-actor_2.11/jars/akka-actor_2.11-2.3.4.jar, /Users/john.wright/.ivy2/cache/com.typesafe.akka/akka-slf4j_2.11/jars/akka-slf4j_2.11-2.3.4.jar, /Users/john.wright/.ivy2/cache/commons-codec/commons-codec/jars/commons-codec-1.9.jar, /Users/john.wright/.ivy2/cache/xerces/xercesImpl/jars/xercesImpl-2.11.0.jar, /Users/john.wright/.ivy2/cache/javax.transaction/jta/jars/jta-1.1.jar, /Users/john.wright/.ivy2/cache/com.typesafe.play/play-jdbc_2.11/jars/play-jdbc_2.11-2.3.8.jar, /Users/john.wright/.ivy2/cache/com.jolbox/bonecp/bundles/bonecp-0.8.0.RELEASE.jar, /Users/john.wright/.ivy2/cache/com.h2database/h2/jars/h2-1.3.175.jar, /Users/john.wright/.ivy2/cache/tyrex/tyrex/jars/tyrex-1.0.1.jar, /Users/john.wright/.ivy2/cache/com.typesafe.play/anorm_2.11/jars/anorm_2.11-2.3.8.jar, /Users/john.wright/.ivy2/cache/com.jsuereth/scala-arm_2.11/jars/scala-arm_2.11-1.4.jar, /Users/john.wright/.ivy2/cache/org.scala-lang.plugins/scala-continuations-library_2.11/bundles/scala-continuations-library_2.11-1.0.1.jar, /Users/john.wright/.ivy2/cache/com.typesafe.play/play-cache_2.11/jars/play-cache_2.11-2.3.8.jar, /Users/john.wright/.ivy2/cache/net.sf.ehcache/ehcache-core/jars/ehcache-core-2.6.8.jar, /Users/john.wright/.ivy2/cache/com.typesafe.play/play-ws_2.11/jars/play-ws_2.11-2.3.8.jar, /Users/john.wright/.ivy2/cache/com.google.guava/guava/bundles/guava-16.0.1.jar, /Users/john.wright/.ivy2/cache/com.ning/async-http-client/jars/async-http-client-1.8.15.jar, /Users/john.wright/.ivy2/cache/oauth.signpost/signpost-core/jars/signpost-core-1.2.1.2.jar, /Users/john.wright/.ivy2/cache/oauth.signpost/signpost-commonshttp4/jars/signpost-commonshttp4-1.2.1.2.jar, /Users/john.wright/.ivy2/cache/org.apache.httpcomponents/httpcore/jars/httpcore-4.0.1.jar, /Users/john.wright/.ivy2/cache/org.apache.httpcomponents/httpclient/jars/httpclient-4.0.1.jar, /Users/john.wright/.ivy2/cache/commons-logging/commons-logging/jars/commons-logging-1.1.1.jar),List((public/,/Users/john.wright/git/flash-web/target/web/public/main)),List(/Users/john.wright/.ivy2/cache/com.typesafe.play/play-docs_2.11/jars/play-docs_2.11-2.3.8.jar, /Users/john.wright/.ivy2/cache/org.scala-lang/scala-library/jars/scala-library-2.11.1.jar, /Users/john.wright/.ivy2/cache/com.typesafe.play/play_2.11/jars/play_2.11-2.3.8.jar, /Users/john.wright/.ivy2/cache/com.typesafe.play/build-link/jars/build-link-2.3.8.jar, /Users/john.wright/.ivy2/cache/com.typesafe.play/play-exceptions/jars/play-exceptions-2.3.8.jar, /Users/john.wright/.ivy2/cache/org.javassist/javassist/bundles/javassist-3.18.2-GA.jar, /Users/john.wright/.ivy2/cache/com.typesafe.play/play-iteratees_2.11/jars/play-iteratees_2.11-2.3.8.jar, /Users/john.wright/.ivy2/cache/org.scala-stm/scala-stm_2.11/jars/scala-stm_2.11-0.7.jar, /Users/john.wright/.ivy2/cache/com.typesafe/config/bundles/config-1.2.1.jar, /Users/john.wright/.ivy2/cache/com.typesafe.play/play-json_2.11/jars/play-json_2.11-2.3.8.jar, /Users/john.wright/.ivy2/cache/com.typesafe.play/play-functional_2.11/jars/play-functional_2.11-2.3.8.jar, /Users/john.wright/.ivy2/cache/com.typesafe.play/play-datacommons_2.11/jars/play-datacommons_2.11-2.3.8.jar, /Users/john.wright/.ivy2/cache/joda-time/joda-time/jars/joda-time-2.3.jar, /Users/john.wright/.ivy2/cache/org.joda/joda-convert/jars/joda-convert-1.6.jar, /Users/john.wright/.ivy2/cache/com.fasterxml.jackson.core/jackson-annotations/bundles/jackson-annotations-2.3.2.jar, /Users/john.wright/.ivy2/cache/com.fasterxml.jackson.core/jackson-core/bundles/jackson-core-2.3.2.jar, /Users/john.wright/.ivy2/cache/com.fasterxml.jackson.core/jackson-databind/bundles/jackson-databind-2.3.2.jar, /Users/john.wright/.ivy2/cache/org.scala-lang/scala-reflect/jars/scala-reflect-2.11.1.jar, /Users/john.wright/.ivy2/cache/com.typesafe.play/twirl-api_2.11/jars/twirl-api_2.11-1.0.2.jar, /Users/john.wright/.ivy2/cache/org.apache.commons/commons-lang3/jars/commons-lang3-3.1.jar, /Users/john.wright/.ivy2/cache/org.scala-lang.modules/scala-xml_2.11/bundles/scala-xml_2.11-1.0.1.jar, /Users/john.wright/.ivy2/cache/org.scala-lang.modules/scala-parser-combinators_2.11/bundles/scala-parser-combinators_2.11-1.0.1.jar, /Users/john.wright/.ivy2/cache/io.netty/netty/bundles/netty-3.9.3.Final.jar, /Users/john.wright/.ivy2/cache/com.typesafe.netty/netty-http-pipelining/jars/netty-http-pipelining-1.1.2.jar, /Users/john.wright/.ivy2/cache/org.slf4j/slf4j-api/jars/slf4j-api-1.7.6.jar, /Users/john.wright/.ivy2/cache/org.slf4j/jul-to-slf4j/jars/jul-to-slf4j-1.7.6.jar, /Users/john.wright/.ivy2/cache/org.slf4j/jcl-over-slf4j/jars/jcl-over-slf4j-1.7.6.jar, /Users/john.wright/.ivy2/cache/ch.qos.logback/logback-core/jars/logback-core-1.1.1.jar, /Users/john.wright/.ivy2/cache/ch.qos.logback/logback-classic/jars/logback-classic-1.1.1.jar, /Users/john.wright/.ivy2/cache/com.typesafe.akka/akka-actor_2.11/jars/akka-actor_2.11-2.3.4.jar, /Users/john.wright/.ivy2/cache/com.typesafe.akka/akka-slf4j_2.11/jars/akka-slf4j_2.11-2.3.4.jar, /Users/john.wright/.ivy2/cache/commons-codec/commons-codec/jars/commons-codec-1.9.jar, /Users/john.wright/.ivy2/cache/xerces/xercesImpl/jars/xercesImpl-2.11.0.jar, /Users/john.wright/.ivy2/cache/javax.transaction/jta/jars/jta-1.1.jar, /Users/john.wright/.ivy2/cache/com.typesafe.play/play-doc_2.11/jars/play-doc_2.11-1.1.0.jar, /Users/john.wright/.ivy2/cache/org.pegdown/pegdown/jars/pegdown-1.4.0.jar, /Users/john.wright/.ivy2/cache/org.parboiled/parboiled-java/bundles/parboiled-java-1.1.5.jar, /Users/john.wright/.ivy2/cache/org.parboiled/parboiled-core/bundles/parboiled-core-1.1.5.jar, /Users/john.wright/.ivy2/cache/org.ow2.asm/asm/jars/asm-4.1.jar, /Users/john.wright/.ivy2/cache/org.ow2.asm/asm-tree/jars/asm-tree-4.1.jar, /Users/john.wright/.ivy2/cache/org.ow2.asm/asm-analysis/jars/asm-analysis-4.1.jar, /Users/john.wright/.ivy2/cache/org.ow2.asm/asm-util/jars/asm-util-4.1.jar, /Users/john.wright/.ivy2/cache/commons-io/commons-io/jars/commons-io-2.4.jar),List(),9000,DefaultWatchService,List(/Users/john.wright/git/flash-web/app-2.11, /Users/john.wright/git/flash-web/app, /Users/john.wright/git/flash-web/conf, /Users/john.wright/git/flash-web/app/assets, /Users/john.wright/git/flash-web/public),/Users/john.wright/git/flash-web/target,500,root/playForkNotifyStart,root/playForkReload,300000),scala.pickling.PicklerUnpickler$DelegatingPicklerUnpickler@42ad4d1b),ForkConfig(/Users/john.wright/git/flash-web,List(),List(/Users/john.wright/.ivy2/cache/org.scala-lang/scala-library/jars/scala-library-2.11.1.jar, /Users/john.wright/.ivy2/cache/com.typesafe.play/twirl-api_2.11/jars/twirl-api_2.11-1.0.2.jar, /Users/john.wright/.ivy2/cache/org.apache.commons/commons-lang3/jars/commons-lang3-3.1.jar, /Users/john.wright/.ivy2/cache/org.scala-lang.modules/scala-xml_2.11/bundles/scala-xml_2.11-1.0.1.jar, /Users/john.wright/.ivy2/cache/com.typesafe.play/play_2.11/jars/play_2.11-2.3.8.jar, /Users/john.wright/.ivy2/cache/com.typesafe.play/build-link/jars/build-link-2.3.8.jar, /Users/john.wright/.ivy2/cache/com.typesafe.play/play-exceptions/jars/play-exceptions-2.3.8.jar, /Users/john.wright/.ivy2/cache/org.javassist/javassist/bundles/javassist-3.18.2-GA.jar, /Users/john.wright/.ivy2/cache/com.typesafe.play/play-iteratees_2.11/jars/play-iteratees_2.11-2.3.8.jar, /Users/john.wright/.ivy2/cache/org.scala-stm/scala-stm_2.11/jars/scala-stm_2.11-0.7.jar, /Users/john.wright/.ivy2/cache/com.typesafe/config/bundles/config-1.2.1.jar, /Users/john.wright/.ivy2/cache/com.typesafe.play/play-json_2.11/jars/play-json_2.11-2.3.8.jar, /Users/john.wright/.ivy2/cache/com.typesafe.play/play-functional_2.11/jars/play-functional_2.11-2.3.8.jar, /Users/john.wright/.ivy2/cache/com.typesafe.play/play-datacommons_2.11/jars/play-datacommons_2.11-2.3.8.jar, /Users/john.wright/.ivy2/cache/joda-time/joda-time/jars/joda-time-2.3.jar, /Users/john.wright/.ivy2/cache/org.joda/joda-convert/jars/joda-convert-1.6.jar, /Users/john.wright/.ivy2/cache/com.fasterxml.jackson.core/jackson-annotations/bundles/jackson-annotations-2.3.2.jar, /Users/john.wright/.ivy2/cache/com.fasterxml.jackson.core/jackson-core/bundles/jackson-core-2.3.2.jar, /Users/john.wright/.ivy2/cache/com.fasterxml.jackson.core/jackson-databind/bundles/jackson-databind-2.3.2.jar, /Users/john.wright/.ivy2/cache/org.scala-lang/scala-reflect/jars/scala-reflect-2.11.1.jar, /Users/john.wright/.ivy2/cache/org.scala-lang.modules/scala-parser-combinators_2.11/bundles/scala-parser-combinators_2.11-1.0.1.jar, /Users/john.wright/.ivy2/cache/io.netty/netty/bundles/netty-3.9.3.Final.jar, /Users/john.wright/.ivy2/cache/com.typesafe.netty/netty-http-pipelining/jars/netty-http-pipelining-1.1.2.jar, /Users/john.wright/.ivy2/cache/org.slf4j/slf4j-api/jars/slf4j-api-1.7.6.jar, /Users/john.wright/.ivy2/cache/org.slf4j/jul-to-slf4j/jars/jul-to-slf4j-1.7.6.jar, /Users/john.wright/.ivy2/cache/org.slf4j/jcl-over-slf4j/jars/jcl-over-slf4j-1.7.6.jar, /Users/john.wright/.ivy2/cache/ch.qos.logback/logback-core/jars/logback-core-1.1.1.jar, /Users/john.wright/.ivy2/cache/ch.qos.logback/logback-classic/jars/logback-classic-1.1.1.jar, /Users/john.wright/.ivy2/cache/com.typesafe.akka/akka-actor_2.11/jars/akka-actor_2.11-2.3.4.jar, /Users/john.wright/.ivy2/cache/com.typesafe.akka/akka-slf4j_2.11/jars/akka-slf4j_2.11-2.3.4.jar, /Users/john.wright/.ivy2/cache/commons-codec/commons-codec/jars/commons-codec-1.9.jar, /Users/john.wright/.ivy2/cache/xerces/xercesImpl/jars/xercesImpl-2.11.0.jar, /Users/john.wright/.ivy2/cache/javax.transaction/jta/jars/jta-1.1.jar, /Users/john.wright/.ivy2/cache/com.typesafe.play/play-jdbc_2.11/jars/play-jdbc_2.11-2.3.8.jar, /Users/john.wright/.ivy2/cache/com.jolbox/bonecp/bundles/bonecp-0.8.0.RELEASE.jar, /Users/john.wright/.ivy2/cache/com.h2database/h2/jars/h2-1.3.175.jar, /Users/john.wright/.ivy2/cache/tyrex/tyrex/jars/tyrex-1.0.1.jar, /Users/john.wright/.ivy2/cache/com.typesafe.play/anorm_2.11/jars/anorm_2.11-2.3.8.jar, /Users/john.wright/.ivy2/cache/com.jsuereth/scala-arm_2.11/jars/scala-arm_2.11-1.4.jar, /Users/john.wright/.ivy2/cache/org.scala-lang.plugins/scala-continuations-library_2.11/bundles/scala-continuations-library_2.11-1.0.1.jar, /Users/john.wright/.ivy2/cache/com.typesafe.play/play-cache_2.11/jars/play-cache_2.11-2.3.8.jar, /Users/john.wright/.ivy2/cache/net.sf.ehcache/ehcache-core/jars/ehcache-core-2.6.8.jar, /Users/john.wright/.ivy2/cache/com.typesafe.play/play-ws_2.11/jars/play-ws_2.11-2.3.8.jar, /Users/john.wright/.ivy2/cache/com.google.guava/guava/bundles/guava-16.0.1.jar, /Users/john.wright/.ivy2/cache/com.ning/async-http-client/jars/async-http-client-1.8.15.jar, /Users/john.wright/.ivy2/cache/oauth.signpost/signpost-core/jars/signpost-core-1.2.1.2.jar, /Users/john.wright/.ivy2/cache/oauth.signpost/signpost-commonshttp4/jars/signpost-commonshttp4-1.2.1.2.jar, /Users/john.wright/.ivy2/cache/org.apache.httpcomponents/httpcore/jars/httpcore-4.0.1.jar, /Users/john.wright/.ivy2/cache/org.apache.httpcomponents/httpclient/jars/httpclient-4.0.1.jar, /Users/john.wright/.ivy2/cache/commons-logging/commons-logging/jars/commons-logging-1.1.1.jar),List((public/,/Users/john.wright/git/flash-web/target/web/public/main)),List(/Users/john.wright/.ivy2/cache/com.typesafe.play/play-docs_2.11/jars/play-docs_2.11-2.3.8.jar, /Users/john.wright/.ivy2/cache/org.scala-lang/scala-library/jars/scala-library-2.11.1.jar, /Users/john.wright/.ivy2/cache/com.typesafe.play/play_2.11/jars/play_2.11-2.3.8.jar, /Users/john.wright/.ivy2/cache/com.typesafe.play/build-link/jars/build-link-2.3.8.jar, /Users/john.wright/.ivy2/cache/com.typesafe.play/play-exceptions/jars/play-exceptions-2.3.8.jar, /Users/john.wright/.ivy2/cache/org.javassist/javassist/bundles/javassist-3.18.2-GA.jar, /Users/john.wright/.ivy2/cache/com.typesafe.play/play-iteratees_2.11/jars/play-iteratees_2.11-2.3.8.jar, /Users/john.wright/.ivy2/cache/org.scala-stm/scala-stm_2.11/jars/scala-stm_2.11-0.7.jar, /Users/john.wright/.ivy2/cache/com.typesafe/config/bundles/config-1.2.1.jar, /Users/john.wright/.ivy2/cache/com.typesafe.play/play-json_2.11/jars/play-json_2.11-2.3.8.jar, /Users/john.wright/.ivy2/cache/com.typesafe.play/play-functional_2.11/jars/play-functional_2.11-2.3.8.jar, /Users/john.wright/.ivy2/cache/com.typesafe.play/play-datacommons_2.11/jars/play-datacommons_2.11-2.3.8.jar, /Users/john.wright/.ivy2/cache/joda-time/joda-time/jars/joda-time-2.3.jar, /Users/john.wright/.ivy2/cache/org.joda/joda-convert/jars/joda-convert-1.6.jar, /Users/john.wright/.ivy2/cache/com.fasterxml.jackson.core/jackson-annotations/bundles/jackson-annotations-2.3.2.jar, /Users/john.wright/.ivy2/cache/com.fasterxml.jackson.core/jackson-core/bundles/jackson-core-2.3.2.jar, /Users/john.wright/.ivy2/cache/com.fasterxml.jackson.core/jackson-databind/bundles/jackson-databind-2.3.2.jar, /Users/john.wright/.ivy2/cache/org.scala-lang/scala-reflect/jars/scala-reflect-2.11.1.jar, /Users/john.wright/.ivy2/cache/com.typesafe.play/twirl-api_2.11/jars/twirl-api_2.11-1.0.2.jar, /Users/john.wright/.ivy2/cache/org.apache.commons/commons-lang3/jars/commons-lang3-3.1.jar, /Users/john.wright/.ivy2/cache/org.scala-lang.modules/scala-xml_2.11/bundles/scala-xml_2.11-1.0.1.jar, /Users/john.wright/.ivy2/cache/org.scala-lang.modules/scala-parser-combinators_2.11/bundles/scala-parser-combinators_2.11-1.0.1.jar, /Users/john.wright/.ivy2/cache/io.netty/netty/bundles/netty-3.9.3.Final.jar, /Users/john.wright/.ivy2/cache/com.typesafe.netty/netty-http-pipelining/jars/netty-http-pipelining-1.1.2.jar, /Users/john.wright/.ivy2/cache/org.slf4j/slf4j-api/jars/slf4j-api-1.7.6.jar, /Users/john.wright/.ivy2/cache/org.slf4j/jul-to-slf4j/jars/jul-to-slf4j-1.7.6.jar, /Users/john.wright/.ivy2/cache/org.slf4j/jcl-over-slf4j/jars/jcl-over-slf4j-1.7.6.jar, /Users/john.wright/.ivy2/cache/ch.qos.logback/logback-core/jars/logback-core-1.1.1.jar, /Users/john.wright/.ivy2/cache/ch.qos.logback/logback-classic/jars/logback-classic-1.1.1.jar, /Users/john.wright/.ivy2/cache/com.typesafe.akka/akka-actor_2.11/jars/akka-actor_2.11-2.3.4.jar, /Users/john.wright/.ivy2/cache/com.typesafe.akka/akka-slf4j_2.11/jars/akka-slf4j_2.11-2.3.4.jar, /Users/john.wright/.ivy2/cache/commons-codec/commons-codec/jars/commons-codec-1.9.jar, /Users/john.wright/.ivy2/cache/xerces/xercesImpl/jars/xercesImpl-2.11.0.jar, /Users/john.wright/.ivy2/cache/javax.transaction/jta/jars/jta-1.1.jar, /Users/john.wright/.ivy2/cache/com.typesafe.play/play-doc_2.11/jars/play-doc_2.11-1.1.0.jar, /Users/john.wright/.ivy2/cache/org.pegdown/pegdown/jars/pegdown-1.4.0.jar, /Users/john.wright/.ivy2/cache/org.parboiled/parboiled-java/bundles/parboiled-java-1.1.5.jar, /Users/john.wright/.ivy2/cache/org.parboiled/parboiled-core/bundles/parboiled-core-1.1.5.jar, /Users/john.wright/.ivy2/cache/org.ow2.asm/asm/jars/asm-4.1.jar, /Users/john.wright/.ivy2/cache/org.ow2.asm/asm-tree/jars/asm-tree-4.1.jar, /Users/john.wright/.ivy2/cache/org.ow2.asm/asm-analysis/jars/asm-analysis-4.1.jar, /Users/john.wright/.ivy2/cache/org.ow2.asm/asm-util/jars/asm-util-4.1.jar, /Users/john.wright/.ivy2/cache/commons-io/commons-io/jars/commons-io-2.4.jar),List(),9000,DefaultWatchService,List(/Users/john.wright/git/flash-web/app-2.11, /Users/john.wright/git/flash-web/app, /Users/john.wright/git/flash-web/conf, /Users/john.wright/git/flash-web/app/assets, /Users/john.wright/git/flash-web/public),/Users/john.wright/git/flash-web/target,500,root/playForkNotifyStart,root/playForkReload,300000))))
Sending msg to client play-fork-run-7a8b2fbb-3a5f-4582-8b97-f052c0db7311: TaskStarted(18,1356,None)
Sending msg to client play-fork-run-7a8b2fbb-3a5f-4582-8b97-f052c0db7311: TaskFinished(18,1356,None,true,None)
Sending msg to client play-fork-run-7a8b2fbb-3a5f-4582-8b97-f052c0db7311: TaskStarted(18,1355,None)
Sending msg to client play-fork-run-7a8b2fbb-3a5f-4582-8b97-f052c0db7311: TaskFinished(18,1355,None,true,None)
Sending msg to client play-fork-run-7a8b2fbb-3a5f-4582-8b97-f052c0db7311: DetachedLogEvent(LogMessage(debug,cancel strategy finish enabled=false lastCommand=Some(LastCommand(CommandExecutionWork(ExecutionId(18),{file:/Users/john.wright/git/flash-web/}root/*:playForkConfig,Set(LiveClient(play-fork-run 7a8b2fbb-3a5f-4582-8b97-f052c0db7311)),sbt.server.WorkCancellationStatus$$anon$1@4a8fd10f)))))
Sending msg to client play-fork-run-7a8b2fbb-3a5f-4582-8b97-f052c0db7311: DetachedLogEvent(LogSuccess(Total time: 0 s, completed Feb 26, 2015 10:37:22 PM))
Sending msg to client play-fork-run-7a8b2fbb-3a5f-4582-8b97-f052c0db7311: DetachedLogEvent(LogMessage(debug,> server-post-command-cleanup))
Sending msg to client play-fork-run-7a8b2fbb-3a5f-4582-8b97-f052c0db7311: ExecutionSuccess(18)
Sending msg to client play-fork-run-7a8b2fbb-3a5f-4582-8b97-f052c0db7311: DetachedLogEvent(LogMessage(debug,> server-handle-next-server-request))
Sending msg to client play-fork-run-7a8b2fbb-3a5f-4582-8b97-f052c0db7311: BackgroundJobLogEvent(3,LogMessage(info,))
Sending msg to client play-fork-run-7a8b2fbb-3a5f-4582-8b97-f052c0db7311: BackgroundJobLogEvent(3,LogMessage(info,[35m--- (Running the application, auto-reloading is enabled) ---[0m))
Sending msg to client play-fork-run-7a8b2fbb-3a5f-4582-8b97-f052c0db7311: BackgroundJobLogEvent(3,LogMessage(info,))
Sending msg to client play-fork-run-7a8b2fbb-3a5f-4582-8b97-f052c0db7311: BackgroundJobLogEvent(3,LogMessage(info,play - Listening for HTTP on /0:0:0:0:0:0:0:0:9000))
Sending msg to client play-fork-run-7a8b2fbb-3a5f-4582-8b97-f052c0db7311: BackgroundJobLogEvent(3,LogMessage(info,))
Sending msg to client play-fork-run-7a8b2fbb-3a5f-4582-8b97-f052c0db7311: BackgroundJobLogEvent(3,LogMessage(info,[32m(Server started, use Ctrl+D to stop and go back to the console...)[0m))
Sending msg to client play-fork-run-7a8b2fbb-3a5f-4582-8b97-f052c0db7311: BackgroundJobLogEvent(3,LogMessage(info,))
Got request: ExecutionRequest(root/playForkNotifyStart http://localhost:9000)
Reading next message from client.
Sending msg to client play-fork-run-7a8b2fbb-3a5f-4582-8b97-f052c0db7311: (8,ExecutionRequestReceived(19))
Sending msg to client play-fork-run-7a8b2fbb-3a5f-4582-8b97-f052c0db7311: ExecutionWaiting(19,root/playForkNotifyStart http://localhost:9000,ClientInfo(7a8b2fbb-3a5f-4582-8b97-f052c0db7311,play-fork-run,Play Fork Run,1,Vector()))
Sending msg to client play-fork-run-7a8b2fbb-3a5f-4582-8b97-f052c0db7311: ExecutionStarting(19)
Sending msg to client play-fork-run-7a8b2fbb-3a5f-4582-8b97-f052c0db7311: DetachedLogEvent(LogMessage(debug,> root/playForkNotifyStart http://localhost:9000))
Sending msg to client play-fork-run-7a8b2fbb-3a5f-4582-8b97-f052c0db7311: DetachedLogEvent(LogMessage(debug,Evaluating tasks: *:playForkNotifyStart))
Sending msg to client play-fork-run-7a8b2fbb-3a5f-4582-8b97-f052c0db7311: DetachedLogEvent(LogMessage(debug,Running task... Cancel: sbt.server.ServerTaskCancellation@19b40341, check cycles: false))
Sending msg to client play-fork-run-7a8b2fbb-3a5f-4582-8b97-f052c0db7311: DetachedLogEvent(LogMessage(debug,cancel strategy start enabled=true lastCommand=Some(LastCommand(CommandExecutionWork(ExecutionId(19),root/playForkNotifyStart http://localhost:9000,Set(LiveClient(play-fork-run 7a8b2fbb-3a5f-4582-8b97-f052c0db7311)),sbt.server.WorkCancellationStatus$$anon$1@ffdf724)))))
Sending msg to client play-fork-run-7a8b2fbb-3a5f-4582-8b97-f052c0db7311: TaskStarted(19,1431,Some(AttributeKey[sbt.SendEventService]("sendEventService") in Scope(Global)))
Sending msg to client play-fork-run-7a8b2fbb-3a5f-4582-8b97-f052c0db7311: TaskFinished(19,1431,Some(AttributeKey[sbt.SendEventService]("sendEventService") in Scope(Global)),true,None)
Sending msg to client play-fork-run-7a8b2fbb-3a5f-4582-8b97-f052c0db7311: TaskStarted(19,1430,Some(AttributeKey[scala.Function1[java.lang.String,void]]("playForkStarted") in Scope(Build: file:/Users/john.wright/git/flash-web/, , Project: ProjectReference(file:/Users/john.wright/git/flash-web/,root))))
Sending msg to client play-fork-run-7a8b2fbb-3a5f-4582-8b97-f052c0db7311: TaskFinished(19,1430,Some(AttributeKey[scala.Function1[java.lang.String,void]]("playForkStarted") in Scope(Build: file:/Users/john.wright/git/flash-web/, , Project: ProjectReference(file:/Users/john.wright/git/flash-web/,root))),true,None)
Sending msg to client play-fork-run-7a8b2fbb-3a5f-4582-8b97-f052c0db7311: TaskStarted(19,1429,Some(AttributeKey[void]("playForkNotifyStart") in Scope(Build: file:/Users/john.wright/git/flash-web/, , Project: ProjectReference(file:/Users/john.wright/git/flash-web/,root))))
Sending msg to client play-fork-run-7a8b2fbb-3a5f-4582-8b97-f052c0db7311: TaskEvent(1429,LazyValue(PlayServerStarted(http://localhost:9000),play.forkrun.protocol.Serializers$PlayForkrunProtocolPlayServerStartedPickler1$2$@72182280))
Sending msg to client play-fork-run-7a8b2fbb-3a5f-4582-8b97-f052c0db7311: TaskFinished(19,1429,Some(AttributeKey[void]("playForkNotifyStart") in Scope(Build: file:/Users/john.wright/git/flash-web/, , Project: ProjectReference(file:/Users/john.wright/git/flash-web/,root))),true,None)
Sending msg to client play-fork-run-7a8b2fbb-3a5f-4582-8b97-f052c0db7311: TaskStarted(19,1428,None)
Sending msg to client play-fork-run-7a8b2fbb-3a5f-4582-8b97-f052c0db7311: TaskFinished(19,1428,None,true,None)
Sending msg to client play-fork-run-7a8b2fbb-3a5f-4582-8b97-f052c0db7311: TaskStarted(19,1427,None)
Sending msg to client play-fork-run-7a8b2fbb-3a5f-4582-8b97-f052c0db7311: TaskFinished(19,1427,None,true,None)
Sending msg to client play-fork-run-7a8b2fbb-3a5f-4582-8b97-f052c0db7311: DetachedLogEvent(LogMessage(debug,cancel strategy finish enabled=false lastCommand=Some(LastCommand(CommandExecutionWork(ExecutionId(19),root/playForkNotifyStart http://localhost:9000,Set(LiveClient(play-fork-run 7a8b2fbb-3a5f-4582-8b97-f052c0db7311)),sbt.server.WorkCancellationStatus$$anon$1@ffdf724)))))
Sending msg to client play-fork-run-7a8b2fbb-3a5f-4582-8b97-f052c0db7311: DetachedLogEvent(LogSuccess(Total time: 0 s, completed Feb 26, 2015 10:37:22 PM))
Sending msg to client play-fork-run-7a8b2fbb-3a5f-4582-8b97-f052c0db7311: DetachedLogEvent(LogMessage(debug,> server-post-command-cleanup))
Sending msg to client play-fork-run-7a8b2fbb-3a5f-4582-8b97-f052c0db7311: ExecutionSuccess(19)
Sending msg to client play-fork-run-7a8b2fbb-3a5f-4582-8b97-f052c0db7311: DetachedLogEvent(LogMessage(debug,> server-handle-next-server-request))
Sending msg to client play-fork-run-7a8b2fbb-3a5f-4582-8b97-f052c0db7311: ExecutionWaiting(20,jobStop 3,ClientInfo(3c30637e-f952-46d8-9635-0bd45321241a,activator,Activator,1,Vector()))
Sending msg to client play-fork-run-7a8b2fbb-3a5f-4582-8b97-f052c0db7311: ExecutionStarting(20)
Sending msg to client play-fork-run-7a8b2fbb-3a5f-4582-8b97-f052c0db7311: DetachedLogEvent(LogMessage(debug,> jobStop 3))
Sending msg to client play-fork-run-7a8b2fbb-3a5f-4582-8b97-f052c0db7311: DetachedLogEvent(LogMessage(debug,Evaluating tasks: *:jobStop))
Sending msg to client play-fork-run-7a8b2fbb-3a5f-4582-8b97-f052c0db7311: DetachedLogEvent(LogMessage(debug,Running task... Cancel: sbt.server.ServerTaskCancellation@2ee4a82a, check cycles: false))
Sending msg to client play-fork-run-7a8b2fbb-3a5f-4582-8b97-f052c0db7311: DetachedLogEvent(LogMessage(debug,cancel strategy start enabled=true lastCommand=Some(LastCommand(CommandExecutionWork(ExecutionId(20),jobStop 3,Set(LiveClient(activator 3c30637e-f952-46d8-9635-0bd45321241a)),sbt.server.WorkCancellationStatus$$anon$1@5c7b60b4)))))
Sending msg to client play-fork-run-7a8b2fbb-3a5f-4582-8b97-f052c0db7311: TaskStarted(20,1434,Some(AttributeKey[void]("jobStop") in Scope(Global)))
Sending msg to client play-fork-run-7a8b2fbb-3a5f-4582-8b97-f052c0db7311: TaskFinished(20,1434,Some(AttributeKey[void]("jobStop") in Scope(Global)),true,None)
Sending msg to client play-fork-run-7a8b2fbb-3a5f-4582-8b97-f052c0db7311: TaskStarted(20,1433,None)
Sending msg to client play-fork-run-7a8b2fbb-3a5f-4582-8b97-f052c0db7311: BackgroundJobLogEvent(3,LogMessage(info,Stopping Play fork run ...))
Sending msg to client play-fork-run-7a8b2fbb-3a5f-4582-8b97-f052c0db7311: TaskFinished(20,1433,None,true,None)
Sending msg to client play-fork-run-7a8b2fbb-3a5f-4582-8b97-f052c0db7311: TaskStarted(20,1432,None)
Sending msg to client play-fork-run-7a8b2fbb-3a5f-4582-8b97-f052c0db7311: TaskFinished(20,1432,None,true,None)
Sending msg to client play-fork-run-7a8b2fbb-3a5f-4582-8b97-f052c0db7311: DetachedLogEvent(LogMessage(debug,cancel strategy finish enabled=false lastCommand=Some(LastCommand(CommandExecutionWork(ExecutionId(20),jobStop 3,Set(LiveClient(activator 3c30637e-f952-46d8-9635-0bd45321241a)),sbt.server.WorkCancellationStatus$$anon$1@5c7b60b4)))))
Sending msg to client play-fork-run-7a8b2fbb-3a5f-4582-8b97-f052c0db7311: DetachedLogEvent(LogSuccess(Total time: 0 s, completed Feb 26, 2015 10:37:26 PM))
Sending msg to client play-fork-run-7a8b2fbb-3a5f-4582-8b97-f052c0db7311: DetachedLogEvent(LogMessage(debug,> server-post-command-cleanup))
Sending msg to client play-fork-run-7a8b2fbb-3a5f-4582-8b97-f052c0db7311: ExecutionSuccess(20)
Sending msg to client play-fork-run-7a8b2fbb-3a5f-4582-8b97-f052c0db7311: DetachedLogEvent(LogMessage(debug,> server-handle-next-server-request))
Got request: UnlistenToEvents()
Reading next message from client.
Sending msg to client play-fork-run-7a8b2fbb-3a5f-4582-8b97-f052c0db7311: (9,ReceivedResponse())
Got request: UnlistenToValue(AttributeKey[play.forkrun.protocol.ForkConfig]("playForkConfig") in Scope(Build: file:/Users/john.wright/git/flash-web/, , Project: ProjectReference(file:/Users/john.wright/git/flash-web/,root)))
Reading next message from client.
Client play-fork-run-7a8b2fbb-3a5f-4582-8b97-f052c0db7311 EOF, shutting down.
Stopping client.
Client play-fork-run-7a8b2fbb-3a5f-4582-8b97-f052c0db7311 thread exiting.
Dropping message (10,ReceivedResponse()) to dead client play-fork-run-7a8b2fbb-3a5f-4582-8b97-f052c0db7311
Dropping message (0,ReceivedResponse()) to dead client play-fork-run-7a8b2fbb-3a5f-4582-8b97-f052c0db7311
